2025-09-22 09:50:59.526 [info] Reading sessions from keychain...
2025-09-22 09:50:59.526 [info] Getting sessions for all scopes...
2025-09-22 09:50:59.526 [info] Got 0 sessions for ...
2025-09-22 09:50:59.526 [info] Getting sessions for all scopes...
2025-09-22 09:50:59.526 [info] Got 0 sessions for ...
2025-09-22 09:50:59.526 [info] Getting sessions for all scopes...
2025-09-22 09:50:59.526 [info] Got 0 sessions for ...
2025-09-22 09:50:59.526 [info] Getting sessions for all scopes...
2025-09-22 09:50:59.526 [info] Got 0 sessions for ...
2025-09-22 09:50:59.526 [info] Getting sessions for all scopes...
2025-09-22 09:50:59.526 [info] Got 0 sessions for ...
2025-09-22 09:50:59.526 [info] Getting sessions for all scopes...
2025-09-22 09:50:59.526 [info] Got 0 sessions for ...
2025-09-22 09:50:59.526 [info] Getting sessions for all scopes...
2025-09-22 09:50:59.526 [info] Got 0 sessions for ...
2025-09-22 09:50:59.526 [info] Getting sessions for all scopes...
2025-09-22 09:50:59.527 [info] Got 0 sessions for ...
2025-09-22 09:50:59.527 [info] Getting sessions for all scopes...
2025-09-22 09:50:59.527 [info] Got 0 sessions for ...
2025-09-22 09:50:59.527 [info] Getting sessions for all scopes...
2025-09-22 09:50:59.527 [info] Got 0 sessions for ...
2025-09-22 09:50:59.539 [info] Getting sessions for all scopes...
2025-09-22 09:50:59.539 [info] Got 0 sessions for ...
2025-09-22 09:50:59.539 [info] Getting sessions for all scopes...
2025-09-22 09:50:59.539 [info] Got 0 sessions for ...
2025-09-22 09:50:59.540 [info] Getting sessions for all scopes...
2025-09-22 09:50:59.540 [info] Got 0 sessions for ...
2025-09-22 09:50:59.540 [info] Getting sessions for all scopes...
2025-09-22 09:50:59.540 [info] Got 0 sessions for ...
2025-09-22 09:50:59.540 [info] Getting sessions for all scopes...
2025-09-22 09:50:59.540 [info] Got 0 sessions for ...
2025-09-22 09:50:59.540 [info] Getting sessions for all scopes...
2025-09-22 09:50:59.540 [info] Got 0 sessions for ...
2025-09-22 09:51:01.017 [info] Getting sessions for all scopes...
2025-09-22 09:51:01.017 [info] Got 0 sessions for ...
2025-09-22 09:51:01.017 [info] Getting sessions for all scopes...
2025-09-22 09:51:01.017 [info] Got 0 sessions for ...
2025-09-22 09:51:01.026 [info] Getting sessions for all scopes...
2025-09-22 09:51:01.026 [info] Got 0 sessions for ...
2025-09-22 09:51:07.217 [info] Logging in with 'any' account...
2025-09-22 09:51:07.217 [info] Logging in for the following scopes: user:email
2025-09-22 09:51:07.274 [info] Trying with local server... (user:email)
2025-09-22 09:51:10.377 [info] Exchanging code for token...
2025-09-22 09:51:10.655 [info] fetching: Electron fetch succeeded (JSON)
2025-09-22 09:51:10.655 [info] Token exchange success!
2025-09-22 09:51:10.657 [info] Getting user info...
2025-09-22 09:51:10.951 [info] Got account info!
2025-09-22 09:51:10.953 [info] Storing 1 sessions...
2025-09-22 09:51:10.957 [info] Reading sessions from keychain...
2025-09-22 09:51:10.957 [info] Stored 1 sessions!
2025-09-22 09:51:10.957 [info] Login success!
2025-09-22 09:51:10.958 [info] Getting sessions for all scopes...
2025-09-22 09:51:10.959 [info] Got stored sessions!
2025-09-22 09:51:10.959 [info] Got 1 verified sessions.
2025-09-22 09:51:10.960 [info] Got 1 sessions for ...
2025-09-22 09:51:10.960 [info] Getting sessions for all scopes...
2025-09-22 09:51:10.960 [info] Got 1 sessions for ...
2025-09-22 09:51:10.961 [info] Getting sessions for all scopes...
2025-09-22 09:51:10.961 [info] Got 1 sessions for ...
2025-09-22 09:51:14.923 [info] Getting sessions for all scopes...
2025-09-22 09:51:14.923 [info] Got 1 sessions for ...
2025-09-22 09:51:14.924 [info] Getting sessions for all scopes...
2025-09-22 09:51:14.924 [info] Got 1 sessions for ...
2025-09-22 09:51:15.003 [info] Getting sessions for read:user,repo,user:email,workflow...
2025-09-22 09:51:15.003 [info] Got 0 sessions for read:user,repo,user:email,workflow...
2025-09-22 09:51:15.118 [info] Getting sessions for user:email...
2025-09-22 09:51:15.118 [info] Got 1 sessions for user:email...
2025-09-22 09:51:15.118 [info] Getting sessions for read:user,repo,user:email,workflow...
2025-09-22 09:51:15.118 [info] Got 0 sessions for read:user,repo,user:email,workflow...
2025-09-22 09:51:15.359 [info] Getting sessions for all scopes...
2025-09-22 09:51:15.359 [info] Got 1 sessions for ...
2025-09-22 09:51:15.360 [info] Getting sessions for all scopes...
2025-09-22 09:51:15.360 [info] Got 1 sessions for ...
2025-09-22 09:51:15.366 [info] Getting sessions for all scopes...
2025-09-22 09:51:15.366 [info] Got 1 sessions for ...
2025-09-22 09:51:15.366 [info] Getting sessions for read:user,repo,user:email,workflow...
2025-09-22 09:51:15.366 [info] Got 0 sessions for read:user,repo,user:email,workflow...
2025-09-22 09:51:15.368 [info] Getting sessions for read:user...
2025-09-22 09:51:15.368 [info] Got 0 sessions for read:user...
2025-09-22 09:51:15.379 [info] Getting sessions for user:email...
2025-09-22 09:51:15.379 [info] Got 1 sessions for user:email...
2025-09-22 09:51:15.476 [info] Getting sessions for all scopes...
2025-09-22 09:51:15.476 [info] Got 1 sessions for ...
2025-09-22 09:51:15.477 [info] Getting sessions for read:user,repo,user:email,workflow...
2025-09-22 09:51:15.477 [info] Got 0 sessions for read:user,repo,user:email,workflow...
2025-09-22 09:51:15.478 [info] Getting sessions for user:email...
2025-09-22 09:51:15.479 [info] Got 1 sessions for user:email...
2025-09-22 09:51:15.482 [info] Getting sessions for all scopes...
2025-09-22 09:51:15.482 [info] Got 1 sessions for ...
2025-09-22 09:51:15.483 [info] Getting sessions for read:user,repo,user:email,workflow...
2025-09-22 09:51:15.483 [info] Got 0 sessions for read:user,repo,user:email,workflow...
2025-09-22 09:51:15.484 [info] Getting sessions for user:email...
2025-09-22 09:51:15.484 [info] Got 1 sessions for user:email...
2025-09-22 09:51:15.662 [info] Getting sessions for all scopes...
2025-09-22 09:51:15.662 [info] Got 1 sessions for ...
2025-09-22 09:51:15.663 [info] Getting sessions for read:user,repo,user:email,workflow...
2025-09-22 09:51:15.663 [info] Got 0 sessions for read:user,repo,user:email,workflow...
2025-09-22 09:51:15.664 [info] Getting sessions for user:email...
2025-09-22 09:51:15.664 [info] Got 1 sessions for user:email...
2025-09-22 09:51:15.764 [info] Getting sessions for all scopes...
2025-09-22 09:51:15.764 [info] Got 1 sessions for ...
2025-09-22 09:51:15.764 [info] Getting sessions for all scopes...
2025-09-22 09:51:15.764 [info] Got 1 sessions for ...
2025-09-22 09:51:15.767 [info] Getting sessions for read:user,repo,user:email,workflow...
2025-09-22 09:51:15.767 [info] Got 0 sessions for read:user,repo,user:email,workflow...
2025-09-22 09:51:15.772 [info] Getting sessions for user:email...
2025-09-22 09:51:15.773 [info] Got 1 sessions for user:email...
2025-09-22 09:51:15.773 [info] Getting sessions for read:user,repo,user:email,workflow...
2025-09-22 09:51:15.773 [info] Got 0 sessions for read:user,repo,user:email,workflow...
2025-09-22 09:51:15.774 [info] Getting sessions for all scopes...
2025-09-22 09:51:15.774 [info] Got 1 sessions for ...
2025-09-22 09:51:15.775 [info] Getting sessions for read:user,repo,user:email,workflow...
2025-09-22 09:51:15.775 [info] Got 0 sessions for read:user,repo,user:email,workflow...
2025-09-22 09:51:15.776 [info] Getting sessions for user:email...
2025-09-22 09:51:15.776 [info] Got 1 sessions for user:email...
2025-09-22 09:51:15.870 [info] Getting sessions for all scopes...
2025-09-22 09:51:15.870 [info] Got 1 sessions for ...
2025-09-22 09:51:15.875 [info] Getting sessions for all scopes...
2025-09-22 09:51:15.875 [info] Got 1 sessions for ...
2025-09-22 09:51:15.879 [info] Getting sessions for read:user,repo,user:email,workflow...
2025-09-22 09:51:15.879 [info] Got 0 sessions for read:user,repo,user:email,workflow...
2025-09-22 09:51:15.880 [info] Getting sessions for user:email...
2025-09-22 09:51:15.880 [info] Got 1 sessions for user:email...
2025-09-22 09:51:15.880 [info] Getting sessions for read:user,repo,user:email,workflow...
2025-09-22 09:51:15.880 [info] Got 0 sessions for read:user,repo,user:email,workflow...
2025-09-22 09:51:15.883 [info] Getting sessions for all scopes...
2025-09-22 09:51:15.883 [info] Got 1 sessions for ...
2025-09-22 09:51:15.884 [info] Getting sessions for all scopes...
2025-09-22 09:51:15.884 [info] Got 1 sessions for ...
2025-09-22 09:51:15.884 [info] Getting sessions for all scopes...
2025-09-22 09:51:15.884 [info] Got 1 sessions for ...
2025-09-22 09:51:15.886 [info] Getting sessions for read:user,repo,user:email,workflow...
2025-09-22 09:51:15.886 [info] Got 0 sessions for read:user,repo,user:email,workflow...
2025-09-22 09:51:15.891 [info] Getting sessions for user:email...
2025-09-22 09:51:15.892 [info] Got 1 sessions for user:email...
2025-09-22 09:51:16.249 [info] Getting sessions for all scopes...
2025-09-22 09:51:16.249 [info] Got 1 sessions for ...
2025-09-22 09:51:16.250 [info] Getting sessions for read:user,repo,user:email,workflow...
2025-09-22 09:51:16.250 [info] Got 0 sessions for read:user,repo,user:email,workflow...
2025-09-22 09:51:16.251 [info] Getting sessions for user:email...
2025-09-22 09:51:16.251 [info] Got 1 sessions for user:email...
2025-09-22 09:51:16.660 [info] Getting sessions for all scopes...
2025-09-22 09:51:16.660 [info] Got 1 sessions for ...
2025-09-22 09:51:21.264 [info] Getting sessions for all scopes...
2025-09-22 09:51:21.264 [info] Got 1 sessions for ...
2025-09-22 09:51:21.265 [info] Getting sessions for read:user,repo,user:email,workflow...
2025-09-22 09:51:21.265 [info] Got 0 sessions for read:user,repo,user:email,workflow...
2025-09-22 09:51:21.266 [info] Getting sessions for user:email...
2025-09-22 09:51:21.266 [info] Got 1 sessions for user:email...
2025-09-22 09:51:21.757 [info] Getting sessions for all scopes...
2025-09-22 09:51:21.757 [info] Got 1 sessions for ...
2025-09-22 09:51:21.760 [info] Getting sessions for read:user,repo,user:email,workflow...
2025-09-22 09:51:21.760 [info] Got 0 sessions for read:user,repo,user:email,workflow...
2025-09-22 09:51:21.763 [info] Getting sessions for user:email...
2025-09-22 09:51:21.763 [info] Got 1 sessions for user:email...
2025-09-22 09:51:22.187 [info] Getting sessions for all scopes...
2025-09-22 09:51:22.188 [info] Got 1 sessions for ...
2025-09-22 09:51:22.192 [info] Getting sessions for read:user,repo,user:email,workflow...
2025-09-22 09:51:22.192 [info] Got 0 sessions for read:user,repo,user:email,workflow...
2025-09-22 09:51:22.194 [info] Getting sessions for user:email...
2025-09-22 09:51:22.194 [info] Got 1 sessions for user:email...
